Arguments: 
  C:\Program Files\nodejs\node.exe C:\Users\Dhanya\AppData\Roaming\npm\node_modules\yarn\bin\yarn.js start

PATH: 
  C:\Program Files\Java\jdk-16.0.2\bin;C:\Windows\System32\chcp.com;C:\Program Files (x86)\dotnet\;C:\WINDOWS\system32;C:\WINDOWS;C:\WINDOWS\System32\Wbem;C:\WINDOWS\System32\WindowsPowerShell\v1.0\;C:\WINDOWS\System32\OpenSSH\;C:\Program Files\Git\cmd;C:\Users\Dhanya\AppData\Roaming\Microsoft\Windows\Start Menu\Programs\Python 3.10;C:\Program Files\nodejs\;C:\ProgramData\chocolatey\bin;C:\Users\Dhanya\AppData\Local\Programs\Python\Python310\Scripts\pip3.10.exe;C:\Program Files\MongoDB\Server\6.0\bin\;C:\Program Files\Java\jdk-16.0.2\bin;C:\Windows\System32\chcp.com;C:\Program Files (x86)\dotnet\;C:\WINDOWS\system32;C:\WINDOWS;C:\WINDOWS\System32\Wbem;C:\WINDOWS\System32\WindowsPowerShell\v1.0\;C:\WINDOWS\System32\OpenSSH\;C:\Program Files\Git\cmd;C:\Users\Dhanya\AppData\Roaming\Microsoft\Windows\Start Menu\Programs\Python 3.10;C:\Program Files\nodejs\;C:\ProgramData\chocolatey\bin;C:\Users\Dhanya\AppData\Local\Programs\Python\Python310\Scripts\pip3.10.exe;C:\Program Files\MySQL\MySQL Shell 8.0\bin\;c:\windows\system32;C:\Users\Dhanya\AppData\Local\Microsoft\WindowsApps;C:\Users\Dhanya\AppData\Local\atom\bin;C:\ProgramData\Dhanya\atom\bin;C:\Program Files\Java\jdk-16.0.2\bin;C:\Windows\System32\chcp.com;C:\Program Files\JetBrains\IntelliJ IDEA Community Edition 2021.2.1\bin;C:\Users\Dhanya\AppData\Local\Microsoft\WindowsApps;C:\src\flutter\bin;C:\Users\Dhanya\AppData\Roaming\Microsoft\Windows\Start Menu\Programs\Python 3.10;C:\Users\Dhanya\AppData\Roaming\npm;C:\Users\Dhanya\AppData\Local\Programs\Microso;C:\Program Files\MongoDB\Server\6.0\bin\;

Yarn version: 
  1.22.19

Node version: 
  16.18.0

Platform: 
  win32 x64

Trace: 
  Invariant Violation: Script must exist
      at invariant (C:\Users\Dhanya\AppData\Roaming\npm\node_modules\yarn\lib\cli.js:2318:15)
      at C:\Users\Dhanya\AppData\Roaming\npm\node_modules\yarn\lib\cli.js:61545:11
      at Generator.next (<anonymous>)
      at step (C:\Users\Dhanya\AppData\Roaming\npm\node_modules\yarn\lib\cli.js:310:30)
      at C:\Users\Dhanya\AppData\Roaming\npm\node_modules\yarn\lib\cli.js:328:14
      at new Promise (<anonymous>)
      at new F (C:\Users\Dhanya\AppData\Roaming\npm\node_modules\yarn\lib\cli.js:5305:28)
      at C:\Users\Dhanya\AppData\Roaming\npm\node_modules\yarn\lib\cli.js:307:12
      at realRunCommand (C:\Users\Dhanya\AppData\Roaming\npm\node_modules\yarn\lib\cli.js:61630:23)
      at action.action (C:\Users\Dhanya\AppData\Roaming\npm\node_modules\yarn\lib\cli.js:61691:16)

npm manifest: 
  {
    "name": "certificate-verification-dapp",
    "version": "1.0.0",
    "description": "Blockchain based certificate verification DApp",
    "main": "truffle-config.js",
    "directories": {
      "test": "test"
    },
    "dependencies": {
      "assert": "^2.0.0",
      "bn": "^1.0.5",
      "web3": "^1.2.6"
    },
    "devDependencies": {
      "http-server": "^14.1.1"
    },
    "scripts": {
      "start": "",
      "test": "echo \"Error: no test specified\" && exit 1"
    },
    "repository": {
      "type": "git",
      "url": "git+https://github.com/kreloaded/certificate-verification-dapp.git"
    },
    "author": "",
    "license": "ISC",
    "bugs": {
      "url": "https://github.com/kreloaded/certificate-verification-dapp/issues"
    },
    "homepage": "https://github.com/kreloaded/certificate-verification-dapp#readme"
  }

yarn manifest: 
  No manifest

Lockfile: 
  No lockfile
